<?xml version="1.0" encoding="UTF-8"?>
<!-- Generated by org.testng.reporters.JUnitReportReporter -->
<testsuite hostname="Sahiram" name="automationpractice.com.RegisterUserTransaction" tests="1" failures="0" timestamp="19 Mar 2019 21:55:05 GMT" time="26.420" errors="0">
  <testcase name="successfulRegisteredUserTransaction" time="26.420" classname="automationpractice.com.RegisterUserTransaction"/>
</testsuite> <!-- automationpractice.com.RegisterUserTransaction -->
