<?xml version="1.0" encoding="UTF-8"?>
<!-- Generated by org.testng.reporters.JUnitReportReporter -->
<testsuite hostname="Sahiram" name="automationpractice.com.NewUserTransaction" tests="1" failures="0" timestamp="19 Mar 2019 22:00:40 GMT" time="31.689" errors="0">
  <testcase name="SucessfulTransaction" time="31.689" classname="automationpractice.com.NewUserTransaction"/>
</testsuite> <!-- automationpractice.com.NewUserTransaction -->
